2025-08-18 22:59:20,558 - INFO - Audio Fetcher initialized
2025-08-18 22:59:20,558 - INFO - Source directories: ['recordings/raw']
2025-08-18 22:59:20,558 - INFO - Target directory: recordings/raw
2025-08-18 22:59:20,558 - INFO - Starting continuous monitoring (interval: 30s)
2025-08-18 22:59:20,558 - INFO - Press Ctrl+C to stop
2025-08-18 22:59:20,558 - INFO - Scanning for new audio files...
2025-08-18 22:59:20,559 - INFO - Found 23 new audio files
2025-08-18 22:59:20,560 - INFO - Copied: 20250818_225747_504_20250818_225704_261_20250818_225634_242_tts_es_20250817_021210.mp3 -> 20250818_225920_559_20250818_225747_504_20250818_225704_261_20250818_225634_242_tts_es_20250817_021210.mp3 (40704 bytes)
2025-08-18 22:59:20,561 - INFO - Copied: 20250818_225747_500_20250818_225704_263_20250818_225634_243_tts_hi_20250817_021141.mp3 -> 20250818_225920_560_20250818_225747_500_20250818_225704_263_20250818_225634_243_tts_hi_20250817_021141.mp3 (48576 bytes)
2025-08-18 22:59:20,569 - INFO - Copied: 20250818_225747_487_20250818_225704_279_20250818_225634_237_tts_es_20250818_103719.mp3 -> 20250818_225920_561_20250818_225747_487_20250818_225704_279_20250818_225634_237_tts_es_20250818_103719.mp3 (13835 bytes)
2025-08-18 22:59:20,571 - INFO - Copied: 20250818_225747_492_20250818_225704_269_20250818_225634_236_tts_en_20250818_103420.mp3 -> 20250818_225920_569_20250818_225747_492_20250818_225704_269_20250818_225634_236_tts_en_20250818_103420.mp3 (51034 bytes)
2025-08-18 22:59:20,572 - INFO - Copied: 20250818_225747_488_20250818_225704_260_20250818_225634_235_tts_ta_20250818_155951.mp3 -> 20250818_225920_571_20250818_225747_488_20250818_225704_260_20250818_225634_235_tts_ta_20250818_155951.mp3 (75693 bytes)
2025-08-18 22:59:20,573 - INFO - Copied: 20250818_225747_500_20250818_225704_263_20250818_225634_238_tts_en_20250818_182513.mp3 -> 20250818_225920_572_20250818_225747_500_20250818_225704_263_20250818_225634_238_tts_en_20250818_182513.mp3 (24768 bytes)
2025-08-18 22:59:20,575 - INFO - Copied: 20250818_225747_494_20250818_225704_271_20250818_225634_244_recording-1755491552.2.wav -> 20250818_225920_573_20250818_225747_494_20250818_225704_271_20250818_225634_244_recording-1755491552.2.wav (235598 bytes)
2025-08-18 22:59:20,577 - INFO - Copied: 20250818_225747_502_20250818_225704_272_20250818_225634_238_tts_ta_20250817_021539.mp3 -> 20250818_225920_575_20250818_225747_502_20250818_225704_272_20250818_225634_238_tts_ta_20250817_021539.mp3 (44160 bytes)
2025-08-18 22:59:20,579 - INFO - Copied: 20250818_225747_499_20250818_225704_268_20250818_225634_249_recording-1755491594.8.ulaw -> 20250818_225920_578_20250818_225747_499_20250818_225704_268_20250818_225634_249_recording-1755491594.8.ulaw (58400 bytes)
2025-08-18 22:59:20,581 - INFO - Copied: 20250818_225747_502_20250818_225704_278_20250818_225634_237_tts_hi_20250818_155802.mp3 -> 20250818_225920_580_20250818_225747_502_20250818_225704_278_20250818_225634_237_tts_hi_20250818_155802.mp3 (17179 bytes)
2025-08-18 22:59:20,585 - INFO - Copied: 20250818_225747_495_20250818_225704_270_20250818_225634_240_tts_te_20250818_182754.mp3 -> 20250818_225920_581_20250818_225747_495_20250818_225704_270_20250818_225634_240_tts_te_20250818_182754.mp3 (33024 bytes)
2025-08-18 22:59:20,587 - INFO - Copied: 20250818_225747_497_20250818_225704_261_20250818_225634_233_tts_hi_20250818_103602.mp3 -> 20250818_225920_585_20250818_225747_497_20250818_225704_261_20250818_225634_233_tts_hi_20250818_103602.mp3 (28046 bytes)
2025-08-18 22:59:20,588 - INFO - Copied: 20250818_225747_501_20250818_225704_259_20250818_225634_229_recording-1755491552.2.ulaw -> 20250818_225920_587_20250818_225747_501_20250818_225704_259_20250818_225634_229_recording-1755491552.2.ulaw (58880 bytes)
2025-08-18 22:59:20,589 - INFO - Copied: 20250818_225747_496_20250818_225704_268_20250818_225634_231_recording-1755491594.8.ulaw -> 20250818_225920_588_20250818_225747_496_20250818_225704_268_20250818_225634_231_recording-1755491594.8.ulaw (58400 bytes)
2025-08-18 22:59:20,590 - INFO - Copied: 20250818_225747_498_20250818_225704_266_20250818_225634_244_tts_hi_20250818_155706.mp3 -> 20250818_225920_589_20250818_225747_498_20250818_225704_266_20250818_225634_244_tts_hi_20250818_155706.mp3 (20941 bytes)
2025-08-18 22:59:20,592 - INFO - Copied: 20250818_225747_491_20250818_225704_276_20250818_225634_241_tts_hi_20250818_182607.mp3 -> 20250818_225920_590_20250818_225747_491_20250818_225704_276_20250818_225634_241_tts_hi_20250818_182607.mp3 (25920 bytes)
2025-08-18 22:59:20,593 - INFO - Copied: 20250818_225747_494_20250818_225704_277_20250818_225634_247_recording-1755491594.8.wav -> 20250818_225920_592_20250818_225747_494_20250818_225704_277_20250818_225634_247_recording-1755491594.8.wav (233678 bytes)
2025-08-18 22:59:20,595 - INFO - Copied: 20250818_225747_490_20250818_225704_270_20250818_225648_recording-1755491594.8.ulaw -> 20250818_225920_593_20250818_225747_490_20250818_225704_270_20250818_225648_recording-1755491594.8.ulaw (58400 bytes)
2025-08-18 22:59:20,596 - INFO - Copied: 20250818_225747_495_20250818_225704_262_20250818_225634_248_recording-1755491552.2.ulaw -> 20250818_225920_595_20250818_225747_495_20250818_225704_262_20250818_225634_248_recording-1755491552.2.ulaw (58880 bytes)
2025-08-18 22:59:20,598 - INFO - Copied: 20250818_225747_496_20250818_225704_264_20250818_225634_242_tts_hi_20250818_103657.mp3 -> 20250818_225920_597_20250818_225747_496_20250818_225704_264_20250818_225634_242_tts_hi_20250818_103657.mp3 (11327 bytes)
2025-08-18 22:59:20,599 - INFO - Copied: 20250818_225747_493_20250818_225704_258_20250818_225634_234_tts_ta_20250818_182712.mp3 -> 20250818_225920_598_20250818_225747_493_20250818_225704_258_20250818_225634_234_tts_ta_20250818_182712.mp3 (30912 bytes)
2025-08-18 22:59:20,600 - INFO - Copied: 20250818_225747_491_20250818_225704_272_20250818_225634_245_test_recording-1755491552.2.wav -> 20250818_225920_599_20250818_225747_491_20250818_225704_272_20250818_225634_245_test_recording-1755491552.2.wav (235598 bytes)
2025-08-18 22:59:20,601 - INFO - Copied: 20250818_225747_489_20250818_225704_267_20250818_225634_232_tts_hi_20250817_021612.mp3 -> 20250818_225920_600_20250818_225747_489_20250818_225704_267_20250818_225634_232_tts_hi_20250817_021612.mp3 (133440 bytes)
2025-08-18 22:59:20,601 - INFO - Successfully copied 23 files
2025-08-18 22:59:20,602 - INFO - Stats: {'total_processed': 89, 'files_in_target': 48, 'timestamp': '2025-08-18 22:59:20'}
2025-08-18 22:59:50,607 - INFO - Scanning for new audio files...
2025-08-18 22:59:50,616 - INFO - Found 23 new audio files
2025-08-18 22:59:50,619 - INFO - Copied: 20250818_225920_569_20250818_225747_492_20250818_225704_269_20250818_225634_236_tts_en_20250818_103420.mp3 -> 20250818_225950_616_20250818_225920_569_20250818_225747_492_20250818_225704_269_20250818_225634_236_tts_en_20250818_103420.mp3 (51034 bytes)
2025-08-18 22:59:50,623 - INFO - Copied: 20250818_225920_571_20250818_225747_488_20250818_225704_260_20250818_225634_235_tts_ta_20250818_155951.mp3 -> 20250818_225950_620_20250818_225920_571_20250818_225747_488_20250818_225704_260_20250818_225634_235_tts_ta_20250818_155951.mp3 (75693 bytes)
2025-08-18 22:59:50,626 - INFO - Copied: 20250818_225920_595_20250818_225747_495_20250818_225704_262_20250818_225634_248_recording-1755491552.2.ulaw -> 20250818_225950_624_20250818_225920_595_20250818_225747_495_20250818_225704_262_20250818_225634_248_recording-1755491552.2.ulaw (58880 bytes)
2025-08-18 22:59:50,628 - INFO - Copied: 20250818_225920_581_20250818_225747_495_20250818_225704_270_20250818_225634_240_tts_te_20250818_182754.mp3 -> 20250818_225950_627_20250818_225920_581_20250818_225747_495_20250818_225704_270_20250818_225634_240_tts_te_20250818_182754.mp3 (33024 bytes)
2025-08-18 22:59:50,633 - INFO - Copied: 20250818_225920_590_20250818_225747_491_20250818_225704_276_20250818_225634_241_tts_hi_20250818_182607.mp3 -> 20250818_225950_630_20250818_225920_590_20250818_225747_491_20250818_225704_276_20250818_225634_241_tts_hi_20250818_182607.mp3 (25920 bytes)
2025-08-18 22:59:50,634 - INFO - Copied: 20250818_225920_580_20250818_225747_502_20250818_225704_278_20250818_225634_237_tts_hi_20250818_155802.mp3 -> 20250818_225950_633_20250818_225920_580_20250818_225747_502_20250818_225704_278_20250818_225634_237_tts_hi_20250818_155802.mp3 (17179 bytes)
2025-08-18 22:59:50,635 - INFO - Copied: 20250818_225920_585_20250818_225747_497_20250818_225704_261_20250818_225634_233_tts_hi_20250818_103602.mp3 -> 20250818_225950_634_20250818_225920_585_20250818_225747_497_20250818_225704_261_20250818_225634_233_tts_hi_20250818_103602.mp3 (28046 bytes)
2025-08-18 22:59:50,636 - INFO - Copied: 20250818_225920_575_20250818_225747_502_20250818_225704_272_20250818_225634_238_tts_ta_20250817_021539.mp3 -> 20250818_225950_635_20250818_225920_575_20250818_225747_502_20250818_225704_272_20250818_225634_238_tts_ta_20250817_021539.mp3 (44160 bytes)
2025-08-18 22:59:50,638 - INFO - Copied: 20250818_225920_600_20250818_225747_489_20250818_225704_267_20250818_225634_232_tts_hi_20250817_021612.mp3 -> 20250818_225950_636_20250818_225920_600_20250818_225747_489_20250818_225704_267_20250818_225634_232_tts_hi_20250817_021612.mp3 (133440 bytes)
2025-08-18 22:59:50,639 - INFO - Copied: 20250818_225920_589_20250818_225747_498_20250818_225704_266_20250818_225634_244_tts_hi_20250818_155706.mp3 -> 20250818_225950_638_20250818_225920_589_20250818_225747_498_20250818_225704_266_20250818_225634_244_tts_hi_20250818_155706.mp3 (20941 bytes)
2025-08-18 22:59:50,643 - INFO - Copied: 20250818_225920_597_20250818_225747_496_20250818_225704_264_20250818_225634_242_tts_hi_20250818_103657.mp3 -> 20250818_225950_640_20250818_225920_597_20250818_225747_496_20250818_225704_264_20250818_225634_242_tts_hi_20250818_103657.mp3 (11327 bytes)
2025-08-18 22:59:50,644 - INFO - Copied: 20250818_225920_587_20250818_225747_501_20250818_225704_259_20250818_225634_229_recording-1755491552.2.ulaw -> 20250818_225950_643_20250818_225920_587_20250818_225747_501_20250818_225704_259_20250818_225634_229_recording-1755491552.2.ulaw (58880 bytes)
2025-08-18 22:59:50,645 - INFO - Copied: 20250818_225920_588_20250818_225747_496_20250818_225704_268_20250818_225634_231_recording-1755491594.8.ulaw -> 20250818_225950_644_20250818_225920_588_20250818_225747_496_20250818_225704_268_20250818_225634_231_recording-1755491594.8.ulaw (58400 bytes)
2025-08-18 22:59:50,646 - INFO - Copied: 20250818_225920_572_20250818_225747_500_20250818_225704_263_20250818_225634_238_tts_en_20250818_182513.mp3 -> 20250818_225950_645_20250818_225920_572_20250818_225747_500_20250818_225704_263_20250818_225634_238_tts_en_20250818_182513.mp3 (24768 bytes)
2025-08-18 22:59:50,648 - INFO - Copied: 20250818_225920_578_20250818_225747_499_20250818_225704_268_20250818_225634_249_recording-1755491594.8.ulaw -> 20250818_225950_646_20250818_225920_578_20250818_225747_499_20250818_225704_268_20250818_225634_249_recording-1755491594.8.ulaw (58400 bytes)
2025-08-18 22:59:50,650 - INFO - Copied: 20250818_225920_561_20250818_225747_487_20250818_225704_279_20250818_225634_237_tts_es_20250818_103719.mp3 -> 20250818_225950_648_20250818_225920_561_20250818_225747_487_20250818_225704_279_20250818_225634_237_tts_es_20250818_103719.mp3 (13835 bytes)
2025-08-18 22:59:50,652 - INFO - Copied: 20250818_225920_559_20250818_225747_504_20250818_225704_261_20250818_225634_242_tts_es_20250817_021210.mp3 -> 20250818_225950_650_20250818_225920_559_20250818_225747_504_20250818_225704_261_20250818_225634_242_tts_es_20250817_021210.mp3 (40704 bytes)
2025-08-18 22:59:50,653 - INFO - Copied: 20250818_225920_593_20250818_225747_490_20250818_225704_270_20250818_225648_recording-1755491594.8.ulaw -> 20250818_225950_652_20250818_225920_593_20250818_225747_490_20250818_225704_270_20250818_225648_recording-1755491594.8.ulaw (58400 bytes)
2025-08-18 22:59:50,655 - INFO - Copied: 20250818_225920_560_20250818_225747_500_20250818_225704_263_20250818_225634_243_tts_hi_20250817_021141.mp3 -> 20250818_225950_653_20250818_225920_560_20250818_225747_500_20250818_225704_263_20250818_225634_243_tts_hi_20250817_021141.mp3 (48576 bytes)
2025-08-18 22:59:50,657 - INFO - Copied: 20250818_225920_573_20250818_225747_494_20250818_225704_271_20250818_225634_244_recording-1755491552.2.wav -> 20250818_225950_655_20250818_225920_573_20250818_225747_494_20250818_225704_271_20250818_225634_244_recording-1755491552.2.wav (235598 bytes)
2025-08-18 22:59:50,659 - INFO - Copied: 20250818_225920_598_20250818_225747_493_20250818_225704_258_20250818_225634_234_tts_ta_20250818_182712.mp3 -> 20250818_225950_657_20250818_225920_598_20250818_225747_493_20250818_225704_258_20250818_225634_234_tts_ta_20250818_182712.mp3 (30912 bytes)
2025-08-18 22:59:50,661 - INFO - Copied: 20250818_225920_592_20250818_225747_494_20250818_225704_277_20250818_225634_247_recording-1755491594.8.wav -> 20250818_225950_659_20250818_225920_592_20250818_225747_494_20250818_225704_277_20250818_225634_247_recording-1755491594.8.wav (233678 bytes)
2025-08-18 22:59:50,662 - INFO - Copied: 20250818_225920_599_20250818_225747_491_20250818_225704_272_20250818_225634_245_test_recording-1755491552.2.wav -> 20250818_225950_661_20250818_225920_599_20250818_225747_491_20250818_225704_272_20250818_225634_245_test_recording-1755491552.2.wav (235598 bytes)
2025-08-18 22:59:50,663 - INFO - Successfully copied 23 files
2025-08-18 22:59:50,664 - INFO - Stats: {'total_processed': 112, 'files_in_target': 71, 'timestamp': '2025-08-18 22:59:50'}
2025-08-18 23:00:20,666 - INFO - Scanning for new audio files...
2025-08-18 23:00:20,673 - INFO - Found 23 new audio files
2025-08-18 23:00:20,674 - INFO - Copied: 20250818_225950_616_20250818_225920_569_20250818_225747_492_20250818_225704_269_20250818_225634_236_tts_en_20250818_103420.mp3 -> 20250818_230020_673_20250818_225950_616_20250818_225920_569_20250818_225747_492_20250818_225704_269_20250818_225634_236_tts_en_20250818_103420.mp3 (51034 bytes)
2025-08-18 23:00:20,675 - INFO - Copied: 20250818_225950_638_20250818_225920_589_20250818_225747_498_20250818_225704_266_20250818_225634_244_tts_hi_20250818_155706.mp3 -> 20250818_230020_674_20250818_225950_638_20250818_225920_589_20250818_225747_498_20250818_225704_266_20250818_225634_244_tts_hi_20250818_155706.mp3 (20941 bytes)
2025-08-18 23:00:20,676 - INFO - Copied: 20250818_225950_644_20250818_225920_588_20250818_225747_496_20250818_225704_268_20250818_225634_231_recording-1755491594.8.ulaw -> 20250818_230020_675_20250818_225950_644_20250818_225920_588_20250818_225747_496_20250818_225704_268_20250818_225634_231_recording-1755491594.8.ulaw (58400 bytes)
2025-08-18 23:00:20,677 - INFO - Copied: 20250818_225950_653_20250818_225920_560_20250818_225747_500_20250818_225704_263_20250818_225634_243_tts_hi_20250817_021141.mp3 -> 20250818_230020_676_20250818_225950_653_20250818_225920_560_20250818_225747_500_20250818_225704_263_20250818_225634_243_tts_hi_20250817_021141.mp3 (48576 bytes)
2025-08-18 23:00:20,678 - INFO - Copied: 20250818_225950_652_20250818_225920_593_20250818_225747_490_20250818_225704_270_20250818_225648_recording-1755491594.8.ulaw -> 20250818_230020_677_20250818_225950_652_20250818_225920_593_20250818_225747_490_20250818_225704_270_20250818_225648_recording-1755491594.8.ulaw (58400 bytes)
2025-08-18 23:00:20,678 - INFO - Copied: 20250818_225950_635_20250818_225920_575_20250818_225747_502_20250818_225704_272_20250818_225634_238_tts_ta_20250817_021539.mp3 -> 20250818_230020_678_20250818_225950_635_20250818_225920_575_20250818_225747_502_20250818_225704_272_20250818_225634_238_tts_ta_20250817_021539.mp3 (44160 bytes)
2025-08-18 23:00:20,679 - INFO - Copied: 20250818_225950_648_20250818_225920_561_20250818_225747_487_20250818_225704_279_20250818_225634_237_tts_es_20250818_103719.mp3 -> 20250818_230020_678_20250818_225950_648_20250818_225920_561_20250818_225747_487_20250818_225704_279_20250818_225634_237_tts_es_20250818_103719.mp3 (13835 bytes)
2025-08-18 23:00:20,680 - INFO - Copied: 20250818_225950_661_20250818_225920_599_20250818_225747_491_20250818_225704_272_20250818_225634_245_test_recording-1755491552.2.wav -> 20250818_230020_679_20250818_225950_661_20250818_225920_599_20250818_225747_491_20250818_225704_272_20250818_225634_245_test_recording-1755491552.2.wav (235598 bytes)
2025-08-18 23:00:20,681 - INFO - Copied: 20250818_225950_650_20250818_225920_559_20250818_225747_504_20250818_225704_261_20250818_225634_242_tts_es_20250817_021210.mp3 -> 20250818_230020_680_20250818_225950_650_20250818_225920_559_20250818_225747_504_20250818_225704_261_20250818_225634_242_tts_es_20250817_021210.mp3 (40704 bytes)
2025-08-18 23:00:20,681 - INFO - Copied: 20250818_225950_640_20250818_225920_597_20250818_225747_496_20250818_225704_264_20250818_225634_242_tts_hi_20250818_103657.mp3 -> 20250818_230020_681_20250818_225950_640_20250818_225920_597_20250818_225747_496_20250818_225704_264_20250818_225634_242_tts_hi_20250818_103657.mp3 (11327 bytes)
2025-08-18 23:00:20,682 - INFO - Copied: 20250818_225950_657_20250818_225920_598_20250818_225747_493_20250818_225704_258_20250818_225634_234_tts_ta_20250818_182712.mp3 -> 20250818_230020_681_20250818_225950_657_20250818_225920_598_20250818_225747_493_20250818_225704_258_20250818_225634_234_tts_ta_20250818_182712.mp3 (30912 bytes)
2025-08-18 23:00:20,683 - INFO - Copied: 20250818_225950_636_20250818_225920_600_20250818_225747_489_20250818_225704_267_20250818_225634_232_tts_hi_20250817_021612.mp3 -> 20250818_230020_682_20250818_225950_636_20250818_225920_600_20250818_225747_489_20250818_225704_267_20250818_225634_232_tts_hi_20250817_021612.mp3 (133440 bytes)
2025-08-18 23:00:20,683 - INFO - Copied: 20250818_225950_643_20250818_225920_587_20250818_225747_501_20250818_225704_259_20250818_225634_229_recording-1755491552.2.ulaw -> 20250818_230020_683_20250818_225950_643_20250818_225920_587_20250818_225747_501_20250818_225704_259_20250818_225634_229_recording-1755491552.2.ulaw (58880 bytes)
2025-08-18 23:00:20,684 - INFO - Copied: 20250818_225950_646_20250818_225920_578_20250818_225747_499_20250818_225704_268_20250818_225634_249_recording-1755491594.8.ulaw -> 20250818_230020_683_20250818_225950_646_20250818_225920_578_20250818_225747_499_20250818_225704_268_20250818_225634_249_recording-1755491594.8.ulaw (58400 bytes)
2025-08-18 23:00:20,685 - INFO - Copied: 20250818_225950_634_20250818_225920_585_20250818_225747_497_20250818_225704_261_20250818_225634_233_tts_hi_20250818_103602.mp3 -> 20250818_230020_684_20250818_225950_634_20250818_225920_585_20250818_225747_497_20250818_225704_261_20250818_225634_233_tts_hi_20250818_103602.mp3 (28046 bytes)
2025-08-18 23:00:20,686 - INFO - Copied: 20250818_225950_645_20250818_225920_572_20250818_225747_500_20250818_225704_263_20250818_225634_238_tts_en_20250818_182513.mp3 -> 20250818_230020_685_20250818_225950_645_20250818_225920_572_20250818_225747_500_20250818_225704_263_20250818_225634_238_tts_en_20250818_182513.mp3 (24768 bytes)
2025-08-18 23:00:20,687 - INFO - Copied: 20250818_225950_655_20250818_225920_573_20250818_225747_494_20250818_225704_271_20250818_225634_244_recording-1755491552.2.wav -> 20250818_230020_686_20250818_225950_655_20250818_225920_573_20250818_225747_494_20250818_225704_271_20250818_225634_244_recording-1755491552.2.wav (235598 bytes)
2025-08-18 23:00:20,692 - INFO - Copied: 20250818_225950_627_20250818_225920_581_20250818_225747_495_20250818_225704_270_20250818_225634_240_tts_te_20250818_182754.mp3 -> 20250818_230020_687_20250818_225950_627_20250818_225920_581_20250818_225747_495_20250818_225704_270_20250818_225634_240_tts_te_20250818_182754.mp3 (33024 bytes)
2025-08-18 23:00:20,694 - INFO - Copied: 20250818_225950_624_20250818_225920_595_20250818_225747_495_20250818_225704_262_20250818_225634_248_recording-1755491552.2.ulaw -> 20250818_230020_692_20250818_225950_624_20250818_225920_595_20250818_225747_495_20250818_225704_262_20250818_225634_248_recording-1755491552.2.ulaw (58880 bytes)
2025-08-18 23:00:20,695 - INFO - Copied: 20250818_225950_633_20250818_225920_580_20250818_225747_502_20250818_225704_278_20250818_225634_237_tts_hi_20250818_155802.mp3 -> 20250818_230020_694_20250818_225950_633_20250818_225920_580_20250818_225747_502_20250818_225704_278_20250818_225634_237_tts_hi_20250818_155802.mp3 (17179 bytes)
2025-08-18 23:00:20,696 - INFO - Copied: 20250818_225950_620_20250818_225920_571_20250818_225747_488_20250818_225704_260_20250818_225634_235_tts_ta_20250818_155951.mp3 -> 20250818_230020_695_20250818_225950_620_20250818_225920_571_20250818_225747_488_20250818_225704_260_20250818_225634_235_tts_ta_20250818_155951.mp3 (75693 bytes)
2025-08-18 23:00:20,699 - INFO - Copied: 20250818_225950_630_20250818_225920_590_20250818_225747_491_20250818_225704_276_20250818_225634_241_tts_hi_20250818_182607.mp3 -> 20250818_230020_696_20250818_225950_630_20250818_225920_590_20250818_225747_491_20250818_225704_276_20250818_225634_241_tts_hi_20250818_182607.mp3 (25920 bytes)
2025-08-18 23:00:20,700 - INFO - Copied: 20250818_225950_659_20250818_225920_592_20250818_225747_494_20250818_225704_277_20250818_225634_247_recording-1755491594.8.wav -> 20250818_230020_699_20250818_225950_659_20250818_225920_592_20250818_225747_494_20250818_225704_277_20250818_225634_247_recording-1755491594.8.wav (233678 bytes)
2025-08-18 23:00:20,700 - INFO - Successfully copied 23 files
2025-08-18 23:00:20,701 - INFO - Stats: {'total_processed': 135, 'files_in_target': 94, 'timestamp': '2025-08-18 23:00:20'}
2025-08-18 23:00:22,614 - INFO - Monitoring stopped by user
2025-08-18 23:00:39,601 - INFO - Audio Fetcher initialized
2025-08-18 23:00:39,602 - INFO - Source directories: ['recordings/fetched']
2025-08-18 23:00:39,602 - INFO - Target directory: recordings/raw
2025-08-18 23:00:39,602 - INFO - Starting continuous monitoring (interval: 30s)
2025-08-18 23:00:39,602 - INFO - Press Ctrl+C to stop
2025-08-18 23:00:39,602 - INFO - Scanning for new audio files...
2025-08-18 23:00:39,602 - INFO - No new audio files found
2025-08-18 23:01:09,607 - INFO - Scanning for new audio files...
2025-08-18 23:01:09,611 - INFO - No new audio files found
2025-08-18 23:01:39,617 - INFO - Scanning for new audio files...
2025-08-18 23:01:39,619 - INFO - No new audio files found
2025-08-18 23:02:09,623 - INFO - Scanning for new audio files...
2025-08-18 23:02:09,625 - INFO - No new audio files found
2025-08-18 23:02:39,634 - INFO - Scanning for new audio files...
2025-08-18 23:02:39,642 - INFO - No new audio files found
2025-08-18 23:03:09,646 - INFO - Scanning for new audio files...
2025-08-18 23:03:09,647 - INFO - No new audio files found
2025-08-18 23:03:39,654 - INFO - Scanning for new audio files...
2025-08-18 23:03:39,657 - INFO - No new audio files found
2025-08-18 23:04:09,662 - INFO - Scanning for new audio files...
2025-08-18 23:04:09,663 - INFO - No new audio files found
2025-08-18 23:04:39,666 - INFO - Scanning for new audio files...
2025-08-18 23:04:39,667 - INFO - No new audio files found
2025-08-18 23:05:09,670 - INFO - Scanning for new audio files...
2025-08-18 23:05:09,674 - INFO - No new audio files found
2025-08-18 23:05:39,682 - INFO - Scanning for new audio files...
2025-08-18 23:05:39,684 - INFO - No new audio files found
2025-08-18 23:06:09,685 - INFO - Scanning for new audio files...
2025-08-18 23:06:09,687 - INFO - No new audio files found
2025-08-18 23:06:39,693 - INFO - Scanning for new audio files...
2025-08-18 23:06:39,695 - INFO - No new audio files found
2025-08-18 23:07:09,697 - INFO - Scanning for new audio files...
2025-08-18 23:07:09,699 - INFO - No new audio files found
2025-08-18 23:07:39,700 - INFO - Scanning for new audio files...
2025-08-18 23:07:39,701 - INFO - No new audio files found
2025-08-18 23:08:09,707 - INFO - Scanning for new audio files...
2025-08-18 23:08:09,708 - INFO - No new audio files found
2025-08-18 23:08:39,799 - INFO - Scanning for new audio files...
2025-08-18 23:08:39,809 - INFO - No new audio files found
2025-08-18 23:09:09,816 - INFO - Scanning for new audio files...
2025-08-18 23:09:09,823 - INFO - No new audio files found
2025-08-18 23:09:39,833 - INFO - Scanning for new audio files...
2025-08-18 23:09:39,844 - INFO - No new audio files found
2025-08-18 23:10:09,852 - INFO - Scanning for new audio files...
2025-08-18 23:10:09,854 - INFO - No new audio files found
2025-08-18 23:10:26,947 - INFO - Monitoring stopped by user
